[2024-04-27 01:30:52] Reached2
[2024-04-27 01:30:52] Reached1
[2024-04-27 01:30:52] 3[2024-04-27 01:30:52] ---->itr: 0::::: found: 0::::::::20.000000 - 20.000000 - 
[2024-04-27 01:30:52] ---->itr: 1::::: found: 0::::::::10.000000 - 20.000000 - 
[2024-04-27 01:30:52] ---->itr: 2::::: found: 0::::::::10.000000 - 20.000000 - 
[2024-04-27 01:30:52] ---->itr: 3::::: found: 0::::::::10.000000 - 10.000000 - 
[2024-04-27 01:30:52] ---->itr: 4::::: found: 0::::::::10.000000 - 10.000000 - 
[2024-04-27 01:30:52] ---->itr: 5::::: found: 0::::::::10.000000 - 10.000000 - 
[2024-04-27 01:30:52] ---->itr: 6::::: found: 0::::::::10.000000 - 10.000000 - 
[2024-04-27 01:30:52] ---->itr: 7::::: found: 0::::::::5.000000 - 10.000000 - 
[2024-04-27 01:30:52] ---->itr: 8::::: found: 0::::::::5.000000 - 10.000000 - 
[2024-04-27 01:30:52] ---->itr: 9::::: found: 0::::::::5.000000 - 10.000000 - 
[2024-04-27 01:30:52] ---->itr: 10::::: found: 1::::::::5.000000 - 10.000000 - 
[2024-04-27 01:30:52] ---->itr: 11::::: found: 1::::::::5.000000 - 10.000000 - 
[2024-04-27 01:30:52] ---->itr: 12::::: found: 1::::::::5.000000 - 10.000000 - 
[2024-04-27 01:30:52] ---->itr: 13::::: found: 1::::::::5.000000 - 5.000000 - 
[2024-04-27 01:30:52] ---->itr: 14::::: found: 1::::::::5.000000 - 5.000000 - 
[2024-04-27 01:30:52] ---->itr: 15::::: found: 1::::::::5.000000 - 5.000000 - 
[2024-04-27 01:30:52] ---->itr: 16::::: found: 1::::::::5.000000 - 5.000000 - 
[2024-04-27 01:30:52] ---->itr: 17::::: found: 1::::::::5.000000 - 5.000000 - 
[2024-04-27 01:30:52] ---->itr: 18::::: found: 1::::::::5.000000 - 5.000000 - 
[2024-04-27 01:30:52] ---->itr: 19::::: found: 2::::::::5.000000 - 5.000000 - 
[2024-04-27 01:30:52] ---->itr: 20::::: found: 2::::::::5.000000 - 5.000000 - 
[2024-04-27 01:30:52] ---->itr: 21::::: found: 3::::::::5.000000 - 5.000000 - 
[2024-04-27 01:30:52] ---->itr: 22::::: found: 3::::::::5.000000 - 5.000000 - 
[2024-04-27 01:30:52] ---->itr: 23::::: found: 3::::::::2.500000 - 5.000000 - 
[2024-04-27 01:30:52] ---->itr: 24::::: found: 3::::::::2.500000 - 5.000000 - 
[2024-04-27 01:30:52] ---->itr: 25::::: found: 3::::::::2.500000 - 5.000000 - 
[2024-04-27 01:30:52] ---->itr: 26::::: found: 4::::::::2.500000 - 5.000000 - 
[2024-04-27 01:30:52] ---->itr: 27::::: found: 4::::::::2.500000 - 5.000000 - 
[2024-04-27 01:30:52] ---->itr: 28::::: found: 4::::::::2.500000 - 5.000000 - 
[2024-04-27 01:30:52] ---->itr: 29::::: found: 4::::::::2.500000 - 5.000000 - 
[2024-04-27 01:30:52] ---->itr: 30::::: found: 5::::::::2.500000 - 5.000000 - 
[2024-04-27 01:30:52] ---->itr: 31::::: found: 5::::::::2.500000 - 5.000000 - 
[2024-04-27 01:30:52] ---->itr: 32::::: found: 5::::::::2.500000 - 5.000000 - 
[2024-04-27 01:30:52] ---->itr: 33::::: found: 5::::::::2.500000 - 5.000000 - 
[2024-04-27 01:30:52] ---->itr: 34::::: found: 5::::::::2.500000 - 5.000000 - 
[2024-04-27 01:30:52] ---->itr: 35::::: found: 5::::::::2.500000 - 5.000000 - 
[2024-04-27 01:30:52] ---->itr: 36::::: found: 5::::::::2.500000 - 5.000000 - 
[2024-04-27 01:30:52] ---->itr: 37::::: found: 5::::::::2.500000 - 2.500000 - 
[2024-04-27 01:30:52] ---->itr: 38::::: found: 5::::::::2.500000 - 2.500000 - 
[2024-04-27 01:30:53] ---->itr: 39::::: found: 5::::::::2.500000 - 2.500000 - 
[2024-04-27 01:30:53] ---->itr: 40::::: found: 5::::::::2.500000 - 2.500000 - 
[2024-04-27 01:30:53] ---->itr: 41::::: found: 5::::::::2.500000 - 2.500000 - 
[2024-04-27 01:30:53] ---->itr: 42::::: found: 5::::::::2.500000 - 2.500000 - 
[2024-04-27 01:30:53] ---->itr: 43::::: found: 6::::::::2.500000 - 2.500000 - 
[2024-04-27 01:30:53] ---->itr: 44::::: found: 6::::::::2.500000 - 2.500000 - 
[2024-04-27 01:30:53] ---->itr: 45::::: found: 6::::::::2.500000 - 2.500000 - 
[2024-04-27 01:30:53] ---->itr: 46::::: found: 6::::::::2.500000 - 2.500000 - 
[2024-04-27 01:30:53] ---->itr: 47::::: found: 6::::::::2.500000 - 2.500000 - 
[2024-04-27 01:30:53] ---->itr: 48::::: found: 6::::::::2.500000 - 2.500000 - 
[2024-04-27 01:30:53] ---->itr: 49::::: found: 7::::::::2.500000 - 2.500000 - 
[2024-04-27 01:30:53] ---->itr: 50::::: found: 7::::::::2.500000 - 2.500000 - 
[2024-04-27 01:30:53] ---->itr: 51::::: found: 8::::::::2.500000 - 2.500000 - 
[2024-04-27 01:30:53] ---->itr: 52::::: found: 8::::::::2.500000 - 2.500000 - 
[2024-04-27 01:30:53] ---->itr: 53::::: found: 8::::::::2.500000 - 2.500000 - 
[2024-04-27 01:30:53] ---->itr: 54::::: found: 8::::::::2.500000 - 2.500000 - 
[2024-04-27 01:30:53] ---->itr: 55::::: found: 8::::::::2.500000 - 2.500000 - 
[2024-04-27 01:30:53] ---->itr: 56::::: found: 8::::::::2.500000 - 2.500000 - 
[2024-04-27 01:30:53] ---->itr: 57::::: found: 9::::::::2.500000 - 2.500000 - 
[2024-04-27 01:30:53] ---->itr: 58::::: found: 9::::::::2.500000 - 2.500000 - 
[2024-04-27 01:30:53] ---->itr: 59::::: found: 9::::::::1.250000 - 2.500000 - 
[2024-04-27 01:30:53] ---->itr: 60::::: found: 9::::::::1.250000 - 2.500000 - 
[2024-04-27 01:30:53] ---->itr: 61::::: found: 9::::::::1.250000 - 2.500000 - 
[2024-04-27 01:30:53] ---->itr: 62::::: found: 10::::::::1.250000 - 2.500000 - 
[2024-04-27 01:30:53] ---->itr: 63::::: found: 10::::::::1.250000 - 2.500000 - 
[2024-04-27 01:30:53] ---->itr: 64::::: found: 10::::::::1.250000 - 2.500000 - 
[2024-04-27 01:30:53] ---->itr: 65::::: found: 10::::::::1.250000 - 2.500000 - 
[2024-04-27 01:30:53] ---->itr: 66::::: found: 11::::::::1.250000 - 2.500000 - 
[2024-04-27 01:30:53] ---->itr: 67::::: found: 11::::::::1.250000 - 2.500000 - 
[2024-04-27 01:30:53] ---->itr: 68::::: found: 11::::::::1.250000 - 2.500000 - 
[2024-04-27 01:30:53] ---->itr: 69::::: found: 11::::::::1.250000 - 2.500000 - 
[2024-04-27 01:30:53] ---->itr: 70::::: found: 12::::::::1.250000 - 2.500000 - 
[2024-04-27 01:30:53] ---->itr: 71::::: found: 12::::::::1.250000 - 2.500000 - 
[2024-04-27 01:30:53] ---->itr: 72::::: found: 12::::::::1.250000 - 2.500000 - 
[2024-04-27 01:30:53] ---->itr: 73::::: found: 12::::::::1.250000 - 2.500000 - 
[2024-04-27 01:30:53] ---->itr: 74::::: found: 12::::::::1.250000 - 2.500000 - 
[2024-04-27 01:30:53] ---->itr: 75::::: found: 12::::::::1.250000 - 2.500000 - 
[2024-04-27 01:30:53] ---->itr: 76::::: found: 12::::::::1.250000 - 2.500000 - 
[2024-04-27 01:30:53] ---->itr: 77::::: found: 12::::::::1.250000 - 2.500000 - 
[2024-04-27 01:30:53] ---->itr: 78::::: found: 12::::::::1.250000 - 2.500000 - 
[2024-04-27 01:30:53] ---->itr: 79::::: found: 12::::::::1.250000 - 2.500000 - 
[2024-04-27 01:30:53] ---->itr: 80::::: found: 12::::::::1.250000 - 2.500000 - 
[2024-04-27 01:30:53] ---->itr: 81::::: found: 12::::::::1.250000 - 2.500000 - 
[2024-04-27 01:30:53] ---->itr: 82::::: found: 12::::::::1.250000 - 2.500000 - 
[2024-04-27 01:30:53] ---->itr: 83::::: found: 12::::::::1.250000 - 2.500000 - 
[2024-04-27 01:30:53] ---->itr: 84::::: found: 12::::::::1.250000 - 2.500000 - 
[2024-04-27 01:30:53] ---->itr: 85::::: found: 12::::::::1.250000 - 2.500000 - 
[2024-04-27 01:30:53] ---->itr: 86::::: found: 12::::::::1.250000 - 2.500000 - 
[2024-04-27 01:30:53] ---->itr: 87::::: found: 12::::::::1.250000 - 2.500000 - 
[2024-04-27 01:30:53] ---->itr: 88::::: found: 12::::::::1.250000 - 2.500000 - 
[2024-04-27 01:30:53] ---->itr: 89::::: found: 12::::::::1.250000 - 1.250000 - 
[2024-04-27 01:30:53] ---->itr: 90::::: found: 12::::::::1.250000 - 1.250000 - 
[2024-04-27 01:30:53] ---->itr: 91::::: found: 12::::::::1.250000 - 1.250000 - 
[2024-04-27 01:30:53] ---->itr: 92::::: found: 12::::::::1.250000 - 1.250000 - 
[2024-04-27 01:30:53] ---->itr: 93::::: found: 12::::::::1.250000 - 1.250000 - 
[2024-04-27 01:30:53] ---->itr: 94::::: found: 12::::::::1.250000 - 1.250000 - 
[2024-04-27 01:30:53] ---->itr: 95::::: found: 13::::::::1.250000 - 1.250000 - 
[2024-04-27 01:30:53] ---->itr: 96::::: found: 13::::::::1.250000 - 1.250000 - 
[2024-04-27 01:30:53] ---->itr: 97::::: found: 13::::::::1.250000 - 1.250000 - 
[2024-04-27 01:30:53] ---->itr: 98::::: found: 13::::::::1.250000 - 1.250000 - 
[2024-04-27 01:30:53] ---->itr: 99::::: found: 13::::::::1.250000 - 1.250000 - 
[2024-04-27 01:30:53] ---->itr: 100::::: found: 13::::::::1.250000 - 1.250000 - 
[2024-04-27 01:30:53] ---->itr: 101::::: found: 14::::::::1.250000 - 1.250000 - 
[2024-04-27 01:30:53] ---->itr: 102::::: found: 14::::::::1.250000 - 1.250000 - 
[2024-04-27 01:30:53] ---->itr: 103::::: found: 14::::::::1.250000 - 1.250000 - 
[2024-04-27 01:30:53] ---->itr: 104::::: found: 14::::::::1.250000 - 1.250000 - 
[2024-04-27 01:30:53] ---->itr: 105::::: found: 14::::::::1.250000 - 1.250000 - 
[2024-04-27 01:30:53] ---->itr: 106::::: found: 14::::::::1.250000 - 1.250000 - 
[2024-04-27 01:30:53] ---->itr: 107::::: found: 15::::::::1.250000 - 1.250000 - 
[2024-04-27 01:30:53] ---->itr: 108::::: found: 15::::::::1.250000 - 1.250000 - 
[2024-04-27 01:30:53] ---->itr: 109::::: found: 15::::::::1.250000 - 1.250000 - 
[2024-04-27 01:30:53] ---->itr: 110::::: found: 15::::::::1.250000 - 1.250000 - 
[2024-04-27 01:30:53] ---->itr: 111::::: found: 16::::::::1.250000 - 1.250000 - 
[2024-04-27 01:30:53] ---->itr: 112::::: found: 16::::::::1.250000 - 1.250000 - 
[2024-04-27 01:30:53] ---->itr: 113::::: found: 17::::::::1.250000 - 1.250000 - 
[2024-04-27 01:30:53] ---->itr: 114::::: found: 17::::::::1.250000 - 1.250000 - 
[2024-04-27 01:30:53] ---->itr: 115::::: found: 17::::::::1.250000 - 1.250000 - 
[2024-04-27 01:30:53] ---->itr: 116::::: found: 17::::::::1.250000 - 1.250000 - 
[2024-04-27 01:30:53] ---->itr: 117::::: found: 17::::::::1.250000 - 1.250000 - 
[2024-04-27 01:30:53] ---->itr: 118::::: found: 17::::::::1.250000 - 1.250000 - 
[2024-04-27 01:30:53] ---->itr: 119::::: found: 17::::::::1.250000 - 1.250000 - 
[2024-04-27 01:30:53] ---->itr: 120::::: found: 17::::::::1.250000 - 1.250000 - 
[2024-04-27 01:30:53] ---->itr: 121::::: found: 18::::::::1.250000 - 1.250000 - 
[2024-04-27 01:30:53] ---->itr: 122::::: found: 18::::::::1.250000 - 1.250000 - 
[2024-04-27 01:30:53] ---->itr: 123::::: found: 18::::::::1.250000 - 1.250000 - 
[2024-04-27 01:30:53] ---->itr: 124::::: found: 18::::::::1.250000 - 1.250000 - 
[2024-04-27 01:30:53] ---->itr: 125::::: found: 18::::::::1.250000 - 1.250000 - 
[2024-04-27 01:30:53] ---->itr: 126::::: found: 18::::::::1.250000 - 1.250000 - 
[2024-04-27 01:30:53] ---->itr: 127::::: found: 19::::::::1.250000 - 1.250000 - 
[2024-04-27 01:30:53] ---->itr: 128::::: found: 19::::::::1.250000 - 1.250000 - 
[2024-04-27 01:30:53] ---->itr: 129::::: found: 19::::::::1.250000 - 1.250000 - 
[2024-04-27 01:30:53] ---->itr: 130::::: found: 19::::::::1.250000 - 1.250000 - 
[2024-04-27 01:30:53] ---->itr: 131::::: found: 19::::::::1.250000 - 1.250000 - 
[2024-04-27 01:30:53] ---->itr: 132::::: found: 19::::::::1.250000 - 1.250000 - 
[2024-04-27 01:30:53] ---->itr: 133::::: found: 20::::::::1.250000 - 1.250000 - 
[2024-04-27 01:30:53] ---->itr: 134::::: found: 20::::::::1.250000 - 1.250000 - 
[2024-04-27 01:30:53] ---->itr: 135::::: found: 20::::::::0.625000 - 1.250000 - 
[2024-04-27 01:30:53] ---->itr: 136::::: found: 20::::::::0.625000 - 1.250000 - 
[2024-04-27 01:30:53] ---->itr: 137::::: found: 20::::::::0.625000 - 1.250000 - 
[2024-04-27 01:30:53] ---->itr: 138::::: found: 21::::::::0.625000 - 1.250000 - 
[2024-04-27 01:30:53] ---->itr: 139::::: found: 21::::::::0.625000 - 1.250000 - 
[2024-04-27 01:30:53] ---->itr: 140::::: found: 21::::::::0.625000 - 1.250000 - 
[2024-04-27 01:30:53] ---->itr: 141::::: found: 21::::::::0.625000 - 1.250000 - 
[2024-04-27 01:30:53] ---->itr: 142::::: found: 22::::::::0.625000 - 1.250000 - 
[2024-04-27 01:30:53] ---->itr: 143::::: found: 22::::::::0.625000 - 1.250000 - 
[2024-04-27 01:30:53] ---->itr: 144::::: found: 22::::::::0.625000 - 1.250000 - 
[2024-04-27 01:30:53] ---->itr: 145::::: found: 22::::::::0.625000 - 1.250000 - 
[2024-04-27 01:30:53] ---->itr: 146::::: found: 23::::::::0.625000 - 1.250000 - 
[2024-04-27 01:30:53] ---->itr: 147::::: found: 23::::::::0.625000 - 1.250000 - 
[2024-04-27 01:30:53] ---->itr: 148::::: found: 23::::::::0.625000 - 1.250000 - 
[2024-04-27 01:30:53] ---->itr: 149::::: found: 23::::::::0.625000 - 1.250000 - 
[2024-04-27 01:30:53] ---->itr: 150::::: found: 24::::::::0.625000 - 1.250000 - 
[2024-04-27 01:30:53] ---->itr: 151::::: found: 24::::::::0.625000 - 1.250000 - 
[2024-04-27 01:30:53] ---->itr: 152::::: found: 24::::::::0.625000 - 1.250000 - 
[2024-04-27 01:30:53] ---->itr: 153::::: found: 24::::::::0.625000 - 1.250000 - 
[2024-04-27 01:30:53] ---->itr: 154::::: found: 25::::::::0.625000 - 1.250000 - 
[2024-04-27 01:30:53] ---->itr: 155::::: found: 25::::::::0.625000 - 1.250000 - 
[2024-04-27 01:30:53] ---->itr: 156::::: found: 25::::::::0.625000 - 1.250000 - 
[2024-04-27 01:30:53] ---->itr: 157::::: found: 25::::::::0.625000 - 1.250000 - 
[2024-04-27 01:30:53] ---->itr: 158::::: found: 26::::::::0.625000 - 1.250000 - 
[2024-04-27 01:30:53] ---->itr: 159::::: found: 26::::::::0.625000 - 1.250000 - 
[2024-04-27 01:30:53] ---->itr: 160::::: found: 26::::::::0.625000 - 1.250000 - 
[2024-04-27 01:30:53] ---->itr: 161::::: found: 26::::::::0.625000 - 1.250000 - 
[2024-04-27 01:30:53] ---->itr: 162::::: found: 26::::::::0.625000 - 1.250000 - 
[2024-04-27 01:30:53] ---->itr: 163::::: found: 26::::::::0.625000 - 1.250000 - 
[2024-04-27 01:30:53] ---->itr: 164::::: found: 27::::::::0.625000 - 1.250000 - 
[2024-04-27 01:30:53] ---->itr: 165::::: found: 27::::::::0.625000 - 1.250000 - 
[2024-04-27 01:30:53] ---->itr: 166::::: found: 27::::::::0.625000 - 1.250000 - 
[2024-04-27 01:30:53] ---->itr: 167::::: found: 27::::::::0.625000 - 1.250000 - 
[2024-04-27 01:30:53] ---->itr: 168::::: found: 27::::::::0.625000 - 1.250000 - 
[2024-04-27 01:30:53] ---->itr: 169::::: found: 27::::::::0.625000 - 1.250000 - 
[2024-04-27 01:30:53] ---->itr: 170::::: found: 28::::::::0.625000 - 1.250000 - 
[2024-04-27 01:30:53] ---->itr: 171::::: found: 28::::::::0.625000 - 1.250000 - 
[2024-04-27 01:30:53] ---->itr: 172::::: found: 28::::::::0.625000 - 1.250000 - 
[2024-04-27 01:30:53] ---->itr: 173::::: found: 28::::::::0.625000 - 1.250000 - 
[2024-04-27 01:30:53] ---->itr: 174::::: found: 28::::::::0.625000 - 1.250000 - 
[2024-04-27 01:30:53] ---->itr: 175::::: found: 28::::::::0.625000 - 1.250000 - 
[2024-04-27 01:30:53] ---->itr: 176::::: found: 28::::::::0.625000 - 1.250000 - 
[2024-04-27 01:30:53] ---->itr: 177::::: found: 28::::::::0.625000 - 1.250000 - 
[2024-04-27 01:30:53] ---->itr: 178::::: found: 28::::::::0.625000 - 1.250000 - 
[2024-04-27 01:30:53] ---->itr: 179::::: found: 28::::::::0.625000 - 1.250000 - 
[2024-04-27 01:30:53] ---->itr: 180::::: found: 28::::::::0.625000 - 1.250000 - 
[2024-04-27 01:30:53] ---->itr: 181::::: found: 28::::::::0.625000 - 1.250000 - 
[2024-04-27 01:30:53] ---->itr: 182::::: found: 28::::::::0.625000 - 1.250000 - 
[2024-04-27 01:30:53] ---->itr: 183::::: found: 28::::::::0.625000 - 1.250000 - 
[2024-04-27 01:30:53] ---->itr: 184::::: found: 28::::::::0.625000 - 1.250000 - 
[2024-04-27 01:30:53] ---->itr: 185::::: found: 28::::::::0.625000 - 1.250000 - 
[2024-04-27 01:30:53] ---->itr: 186::::: found: 28::::::::0.625000 - 1.250000 - 
[2024-04-27 01:30:53] ---->itr: 187::::: found: 28::::::::0.625000 - 1.250000 - 
[2024-04-27 01:30:53] ---->itr: 188::::: found: 28::::::::0.625000 - 1.250000 - 
[2024-04-27 01:30:53] ---->itr: 189::::: found: 28::::::::0.625000 - 1.250000 - 
[2024-04-27 01:30:53] ---->itr: 190::::: found: 28::::::::0.625000 - 1.250000 - 
[2024-04-27 01:30:53] ---->itr: 191::::: found: 28::::::::0.625000 - 1.250000 - 
[2024-04-27 01:30:53] ---->itr: 192::::: found: 28::::::::0.625000 - 1.250000 - 
[2024-04-27 01:30:53] ---->itr: 193::::: found: 28::::::::0.625000 - 1.250000 - 
[2024-04-27 01:30:53] ---->itr: 194::::: found: 28::::::::0.625000 - 1.250000 - 
[2024-04-27 01:30:53] ---->itr: 195::::: found: 28::::::::0.625000 - 1.250000 - 
[2024-04-27 01:30:53] ---->itr: 196::::: found: 28::::::::0.625000 - 1.250000 - 
[2024-04-27 01:30:53] ---->itr: 197::::: found: 28::::::::0.625000 - 0.625000 - 
[2024-04-27 01:30:53] ---->itr: 198::::: found: 29::::::::0.625000 - 0.625000 - 
[2024-04-27 01:30:53] ---->itr: 199::::: found: 30::::::::0.625000 - 0.625000 - 
[2024-04-27 01:30:53] ---->itr: 200::::: found: 30::::::::0.625000 - 0.625000 - 
[2024-04-27 01:30:53] ---->itr: 201::::: found: 31::::::::0.625000 - 0.625000 - 
[2024-04-27 01:30:53] ---->itr: 202::::: found: 32::::::::0.625000 - 0.625000 - 
[2024-04-27 01:30:53] ---->itr: 203::::: found: 33::::::::0.625000 - 0.625000 - 
[2024-04-27 01:30:54] ---->itr: 204::::: found: 34::::::::0.625000 - 0.625000 - 
[2024-04-27 01:30:54] ---->itr: 205::::: found: 35::::::::0.625000 - 0.625000 - 
[2024-04-27 01:30:54] ---->itr: 206::::: found: 35::::::::0.625000 - 0.625000 - 
[2024-04-27 01:30:54] ---->itr: 207::::: found: 36::::::::0.625000 - 0.625000 - 
[2024-04-27 01:30:54] ---->itr: 208::::: found: 37::::::::0.625000 - 0.625000 - 
[2024-04-27 01:30:54] ---->itr: 209::::: found: 38::::::::0.625000 - 0.625000 - 
[2024-04-27 01:30:54] ---->itr: 210::::: found: 39::::::::0.625000 - 0.625000 - 
[2024-04-27 01:30:54] ---->itr: 211::::: found: 40::::::::0.625000 - 0.625000 - 
[2024-04-27 01:30:54] ---->itr: 212::::: found: 40::::::::0.625000 - 0.625000 - 
[2024-04-27 01:30:54] ---->itr: 213::::: found: 41::::::::0.625000 - 0.625000 - 
[2024-04-27 01:30:54] ---->itr: 214::::: found: 42::::::::0.625000 - 0.625000 - 
[2024-04-27 01:30:54] ---->itr: 215::::: found: 43::::::::0.625000 - 0.625000 - 
[2024-04-27 01:30:54] ---->itr: 216::::: found: 44::::::::0.625000 - 0.625000 - 
[2024-04-27 01:30:54] ---->itr: 217::::: found: 45::::::::0.625000 - 0.625000 - 
[2024-04-27 01:30:54] ---->itr: 218::::: found: 45::::::::0.625000 - 0.625000 - 
[2024-04-27 01:30:54] ---->itr: 219::::: found: 46::::::::0.625000 - 0.625000 - 
[2024-04-27 01:30:54] ---->itr: 220::::: found: 47::::::::0.625000 - 0.625000 - 
[2024-04-27 01:30:54] ---->itr: 221::::: found: 48::::::::0.625000 - 0.625000 - 
[2024-04-27 01:30:54] ---->itr: 222::::: found: 49::::::::0.625000 - 0.625000 - 
[2024-04-27 01:30:54] ---->itr: 223::::: found: 50::::::::0.625000 - 0.625000 - 
[2024-04-27 01:30:54] ---->itr: 224::::: found: 50::::::::0.625000 - 0.625000 - 
[2024-04-27 01:30:54] ---->itr: 225::::: found: 51::::::::0.625000 - 0.625000 - 
[2024-04-27 01:30:54] ---->itr: 226::::: found: 52::::::::0.625000 - 0.625000 - 
[2024-04-27 01:30:54] ---->itr: 227::::: found: 53::::::::0.625000 - 0.625000 - 
[2024-04-27 01:30:54] ---->itr: 228::::: found: 54::::::::0.625000 - 0.625000 - 
[2024-04-27 01:30:54] ---->itr: 229::::: found: 55::::::::0.625000 - 0.625000 - 
[2024-04-27 01:30:54] ---->itr: 230::::: found: 55::::::::0.625000 - 0.625000 - 
[2024-04-27 01:30:54] ---->itr: 231::::: found: 56::::::::0.625000 - 0.625000 - 
[2024-04-27 01:30:54] ---->itr: 232::::: found: 57::::::::0.625000 - 0.625000 - 
[2024-04-27 01:30:54] ---->itr: 233::::: found: 58::::::::0.625000 - 0.625000 - 
[2024-04-27 01:30:54] ---->itr: 234::::: found: 59::::::::0.625000 - 0.625000 - 
[2024-04-27 01:30:54] ---->itr: 235::::: found: 60::::::::0.625000 - 0.625000 - 
[2024-04-27 01:30:54] ---->itr: 236::::: found: 61::::::::0.625000 - 0.625000 - 
[2024-04-27 01:30:54] ---->itr: 237::::: found: 62::::::::0.625000 - 0.625000 - 
[2024-04-27 01:30:54] ---->itr: 238::::: found: 63::::::::0.625000 - 0.625000 - 
[2024-04-27 01:30:54] ---->itr: 239::::: found: 64::::::::0.625000 - 0.625000 - 
[2024-04-27 01:30:54] ---->itr: 240::::: found: 65::::::::0.625000 - 0.625000 - 
[2024-04-27 01:30:54] ---->itr: 241::::: found: 66::::::::0.625000 - 0.625000 - 
[2024-04-27 01:30:54] ---->itr: 242::::: found: 67::::::::0.625000 - 0.625000 - 
[2024-04-27 01:30:54] ---->itr: 243::::: found: 68::::::::0.625000 - 0.625000 - 
[2024-04-27 01:30:54] ---->itr: 244::::: found: 68::::::::0.625000 - 0.625000 - 
[2024-04-27 01:30:54] ---->itr: 245::::: found: 69::::::::0.625000 - 0.625000 - 
[2024-04-27 01:30:54] ---->itr: 246::::: found: 69::::::::0.625000 - 0.625000 - 
[2024-04-27 01:30:54] ---->itr: 247::::: found: 70::::::::0.625000 - 0.625000 - 
[2024-04-27 01:30:54] ---->itr: 248::::: found: 70::::::::0.625000 - 0.625000 - 
[2024-04-27 01:30:54] ---->itr: 249::::: found: 71::::::::0.625000 - 0.625000 - 
[2024-04-27 01:30:54] ---->itr: 250::::: found: 72::::::::0.625000 - 0.625000 - 
[2024-04-27 01:30:54] ---->itr: 251::::: found: 73::::::::0.625000 - 0.625000 - 
[2024-04-27 01:30:54] ---->itr: 252::::: found: 74::::::::0.625000 - 0.625000 - 
[2024-04-27 01:30:54] ---->itr: 253::::: found: 75::::::::0.625000 - 0.625000 - 
[2024-04-27 01:30:54] ---->itr: 254::::: found: 75::::::::0.625000 - 0.625000 - 
[2024-04-27 01:30:54] ---->itr: 255::::: found: 76::::::::0.625000 - 0.625000 - 
[2024-04-27 01:30:54] ---->itr: 256::::: found: 76::::::::0.625000 - 0.625000 - 
[2024-04-27 01:30:54] ---->itr: 257::::: found: 77::::::::0.625000 - 0.625000 - 
[2024-04-27 01:30:54] ---->itr: 258::::: found: 78::::::::0.625000 - 0.625000 - 
[2024-04-27 01:30:54] ---->itr: 259::::: found: 79::::::::0.625000 - 0.625000 - 
[2024-04-27 01:30:54] ---->itr: 260::::: found: 80::::::::0.625000 - 0.625000 - 
[2024-04-27 01:30:54] ---->itr: 261::::: found: 81::::::::0.625000 - 0.625000 - 
[2024-04-27 01:30:54] ---->itr: 262::::: found: 81::::::::0.625000 - 0.625000 - 
[2024-04-27 01:30:54] ---->itr: 263::::: found: 82::::::::0.625000 - 0.625000 - 
[2024-04-27 01:30:54] ---->itr: 264::::: found: 83::::::::0.625000 - 0.625000 - 
[2024-04-27 01:30:54] ---->itr: 265::::: found: 84::::::::0.625000 - 0.625000 - 
[2024-04-27 01:30:54] ---->itr: 266::::: found: 85::::::::0.625000 - 0.625000 - 
[2024-04-27 01:30:54] ---->itr: 267::::: found: 86::::::::0.625000 - 0.625000 - 
[2024-04-27 01:30:54] ---->itr: 268::::: found: 86::::::::0.625000 - 0.625000 - 
[2024-04-27 01:30:54] ---->itr: 269::::: found: 87::::::::0.625000 - 0.625000 - 
[2024-04-27 01:30:54] ---->itr: 270::::: found: 88::::::::0.625000 - 0.625000 - 
[2024-04-27 01:30:54] ---->itr: 271::::: found: 89::::::::0.625000 - 0.625000 - 
[2024-04-27 01:30:54] ---->itr: 272::::: found: 90::::::::0.625000 - 0.625000 - 
[2024-04-27 01:30:54] ---->itr: 273::::: found: 91::::::::0.625000 - 0.625000 - 
[2024-04-27 01:30:54] ---->itr: 274::::: found: 91::::::::0.625000 - 0.625000 - 
[2024-04-27 01:30:54] ---->itr: 275::::: found: 92::::::::0.625000 - 0.625000 - 
[2024-04-27 01:30:54] ---->itr: 276::::: found: 93::::::::0.625000 - 0.625000 - 
[2024-04-27 01:30:54] ---->itr: 277::::: found: 94::::::::0.625000 - 0.625000 - 
[2024-04-27 01:30:54] ---->itr: 278::::: found: 95::::::::0.625000 - 0.625000 - 
[2024-04-27 01:30:54] ---->itr: 279::::: found: 96::::::::0.625000 - 0.625000 - 
[2024-04-27 01:30:54] ---->itr: 280::::: found: 96::::::::0.625000 - 0.625000 - 
[2024-04-27 01:30:54] ---->itr: 281::::: found: 97::::::::0.625000 - 0.625000 - 
[2024-04-27 01:30:54] ---->itr: 282::::: found: 98::::::::0.625000 - 0.625000 - 
[2024-04-27 01:30:54] ---->itr: 283::::: found: 99::::::::0.625000 - 0.625000 - 
[2024-04-27 01:30:54] ---->itr: 284::::: found: 100::::::::0.625000 - 0.625000 - 
[2024-04-27 01:30:54] ---->itr: 285::::: found: 101::::::::0.625000 - 0.625000 - 
[2024-04-27 01:30:54] ---->itr: 286::::: found: 101::::::::0.625000 - 0.625000 - 
[2024-04-27 01:30:54] ---->itr: 287::::: found: 102::::::::0.625000 - 0.625000 - 
[2024-04-27 01:30:54] ---->itr: 288::::: found: 103::::::::0.625000 - 0.625000 - 
[2024-04-27 01:30:54] ---->itr: 289::::: found: 104::::::::0.625000 - 0.625000 - 
[2024-04-27 01:30:54] ---->itr: 290::::: found: 105::::::::0.625000 - 0.625000 - 
[2024-04-27 01:30:55] SMT-CALLS:0
[2024-04-27 01:30:55] GRIDS:106
[2024-04-27 01:30:55] BOUNDARY GRIDS:63
